<?xml version="1.0" encoding="UTF-8"?>
<!-- Generated by org.testng.reporters.JUnitReportReporter -->
<testsuite hostname="kalyani" failures="0" tests="1" name="com.testcases.AllcustomersTest" time="28.629" errors="0" timestamp="2024-01-03T14:31:11 IST" skipped="0">
  <testcase classname="com.testcases.AllcustomersTest" name="log" time="28.629"/>
  <system-out/>
</testsuite> <!-- com.testcases.AllcustomersTest -->
